\BOOKMARK [1][-]{section.1}{\376\377\151\202\000\040\000\040\217\360}{}% 1
\BOOKMARK [1][-]{section.2}{\376\377\116\011\166\370\154\070\170\301\124\014\153\145\165\065\147\072}{}% 2
\BOOKMARK [2][-]{subsection.2.1}{\376\377\127\372\147\054\123\237\164\006}{section.2}% 3
\BOOKMARK [2][-]{subsection.2.2}{\376\377\140\073\117\123\147\266\147\204}{section.2}% 4
\BOOKMARK [1][-]{section.3}{\376\377\000T\000a\000s\000k\000\040\0001\377\032\127\372\147\054\123\237\164\006\122\006\147\220}{}% 5
\BOOKMARK [2][-]{subsection.3.1}{\376\377\127\372\147\054\152\041\127\213\116\016\121\167\117\123\123\302\145\160}{section.3}% 6
\BOOKMARK [2][-]{subsection.3.2}{\376\377\170\301\127\072\122\006\136\003}{section.3}% 7
\BOOKMARK [2][-]{subsection.3.3}{\376\377\140\047\200\375}{section.3}% 8
\BOOKMARK [3][-]{subsubsection.3.3.1}{\376\377\165\065\123\213\165\065\155\101\154\342\137\142\143\250\133\374}{subsection.3.3}% 9
\BOOKMARK [3][-]{subsubsection.3.3.2}{\376\377\165\065\123\213\165\065\155\101\154\342\137\142\134\125\171\072}{subsection.3.3}% 10
\BOOKMARK [3][-]{subsubsection.3.3.3}{\376\377\165\065\147\072\143\137\200\027\134\125\171\072}{subsection.3.3}% 11
\BOOKMARK [2][-]{subsection.3.4}{\376\377\217\154\167\351}{section.3}% 12
\BOOKMARK [3][-]{subsubsection.3.4.1}{\376\377\143\250\133\374}{subsection.3.4}% 13
\BOOKMARK [3][-]{subsubsection.3.4.2}{\376\377\172\172\217\175\217\154\167\351\116\377\167\037\126\376}{subsection.3.4}% 14
\BOOKMARK [1][-]{section.4}{\376\377\000T\000a\000s\000k\0002\377\032\176\325\176\304\176\323\147\204\133\371\153\324}{}% 15
\BOOKMARK [2][-]{subsection.4.1}{\376\377\172\172\217\175\140\047\200\375\133\371\153\324}{section.4}% 16
\BOOKMARK [3][-]{subsubsection.4.1.1}{\376\377\217\154\167\351}{subsection.4.1}% 17
\BOOKMARK [3][-]{subsubsection.4.1.2}{\376\377\123\315\165\065\122\277}{subsection.4.1}% 18
\BOOKMARK [3][-]{subsubsection.4.1.3}{\376\377\170\301\156\336\143\137\200\027}{subsection.4.1}% 19
\BOOKMARK [2][-]{subsection.4.2}{\376\377\215\037\217\175\140\047\200\375\133\371\153\324}{section.4}% 20
\BOOKMARK [3][-]{subsubsection.4.2.1}{\376\377\165\065\123\213}{subsection.4.2}% 21
\BOOKMARK [3][-]{subsubsection.4.2.2}{\376\377\123\315\165\065\122\277}{subsection.4.2}% 22
\BOOKMARK [3][-]{subsubsection.4.2.3}{\376\377\217\154\167\351}{subsection.4.2}% 23
\BOOKMARK [3][-]{subsubsection.4.2.4}{\376\377\165\065\122\233\217\223\121\372}{subsection.4.2}% 24
\BOOKMARK [2][-]{subsection.4.3}{\376\377\176\325\176\304\176\323\147\204\133\371\153\324\134\017\176\323}{section.4}% 25
\BOOKMARK [1][-]{section.5}{\376\377\000T\000a\000s\000k\0003\000:\000\040\147\201\133\371\145\160\133\371\153\324}{}% 26
\BOOKMARK [2][-]{subsection.5.1}{\376\377\172\172\217\175\140\047\200\375\133\371\153\324}{section.5}% 27
\BOOKMARK [3][-]{subsubsection.5.1.1}{\376\377\217\154\167\351}{subsection.5.1}% 28
\BOOKMARK [3][-]{subsubsection.5.1.2}{\376\377\123\315\165\065\122\277}{subsection.5.1}% 29
\BOOKMARK [3][-]{subsubsection.5.1.3}{\376\377\170\301\156\336\143\137\200\027}{subsection.5.1}% 30
\BOOKMARK [2][-]{subsection.5.2}{\376\377\215\037\217\175\140\047\200\375\133\371\153\324}{section.5}% 31
\BOOKMARK [3][-]{subsubsection.5.2.1}{\376\377\165\065\123\213}{subsection.5.2}% 32
\BOOKMARK [3][-]{subsubsection.5.2.2}{\376\377\123\315\165\065\122\277}{subsection.5.2}% 33
\BOOKMARK [3][-]{subsubsection.5.2.3}{\376\377\217\154\167\351}{subsection.5.2}% 34
\BOOKMARK [3][-]{subsubsection.5.2.4}{\376\377\165\065\122\233\217\223\121\372}{subsection.5.2}% 35
\BOOKMARK [2][-]{subsection.5.3}{\376\377\147\201\133\371\145\160\133\371\153\324\134\017\176\323}{section.5}% 36
